Running Experiment: v1Model_exp4_NewCNN
	Saving:  run14_30.07.2021_14.13.28
========================================================
		NOTES                new arch, motion incl
		PIN_MEMORY           True
		NUM_WORKERS          2
		DEVICE               cuda:3

	>> run settings <<
		SEED                 42
		L_COORD_ANCHOR       49.5
		L_NOBJECT            1

	>> loss <<
		L_OBJECT             49.5
		LR_DECAY_STARTEPOCH  0
		LR_DECAYRATE         0
		LR                   0.0001
		BBOX_THRESHOLD       0.7
		LOAD_MODEL           None
		EPOCHS               1001
		BATCH_SIZE           32
		WEIGHT_DECAY         0.0005
		GROUPING             True
		TILESIZE             512
		SX                   12
		SY                   12
		IMG_DIM              (2920, 6364)

	>> model & training <<
		ARCHITECTURE         (3, 20, 2, 5)
							 (3, 40, 2, 5)
							 (3, 80, 1, 1)
							 (3, 80, 2, 1)
							== cat CNN features ==
							 (3, 80, 2, 1)
							 (3, 160, 2, 1)
		DROP_LAST            False
		SHUFFLE              True
		FROM_CACHE           /home/ssteffens/tl140_outputdata/
		CACHE                None
		PAD                  [0, 300, 0, 300]
		CLIP_LOWERLIM        0.0006561279296875
		USE_TRANSFORMS       ['vflip', 'hflip', 'rot', 'translateY', 'translateX']
		USE_SPARSE           False
		USE_MOTION_DATA      include
		RETAIN_TEMPORAL_VAR  False
		STANDARDIZE          True
		PLOT_PREPROC         True
		LOG_CORRECT          True
		TEST_TIMEPOINTS      [1, 2, 3, 34, 35, 36]
		TRAIN_TIMEPOINTS     range(4, 34)
		MASK_FILE            /home/ssteffens/tl140_outputdata/mask_wells_excl.npy
		LABELS_FILE          /home/ssteffens/tl140_outputdata/labelled_axons_astardists.csv

	>> data parameters <<
		TIMELAPSE_FILE       /home/ssteffens/raw_data_dir/G001_red_compr.deflate.tif
========================================================

Data: train
Loading data from cache.

Data: test
Loading data from cache.



Epoch 0/1001
New transform config set: {'vflip': 0.26, 'hflip': 0.34, 'rot': 0.93, 'translateY': 0.74, 'translateX': 0.12}
Transforming data...Done.
python3: can't open file 'experiment.py': [Errno 2] No such file or directory
