\BOOKMARK [0][-]{chapter.1}{Introduction}{}% 1
\BOOKMARK [1][-]{section.1.1}{Vision: How do we see?}{chapter.1}% 2
\BOOKMARK [2][-]{subsection.1.1.1}{Retina}{section.1.1}% 3
\BOOKMARK [2][-]{subsection.1.1.2}{Signal Transmission to the Visual Cortex}{section.1.1}% 4
\BOOKMARK [2][-]{subsection.1.1.3}{Visual Processing and Perception}{section.1.1}% 5
\BOOKMARK [1][-]{section.1.2}{Causes of Blindness and Impact of Vision Loss }{chapter.1}% 6
\BOOKMARK [1][-]{section.1.3}{Restoring Vision - State of Art}{chapter.1}% 7
\BOOKMARK [2][-]{subsection.1.3.1}{Electrical Stimulation}{section.1.3}% 8
\BOOKMARK [2][-]{subsection.1.3.2}{Visual Prostheses}{section.1.3}% 9
\BOOKMARK [2][-]{subsection.1.3.3}{Regenerative Medicine and Cell Transplantation}{section.1.3}% 10
\BOOKMARK [2][-]{subsection.1.3.4}{Alternative Approaches}{section.1.3}% 11
\BOOKMARK [1][-]{section.1.4}{Neural Interfaces and Stretchable Electronics}{chapter.1}% 12
\BOOKMARK [1][-]{section.1.5}{Biohybrid Implants}{chapter.1}% 13
\BOOKMARK [1][-]{section.1.6}{Aim of the thesis}{chapter.1}% 14
\BOOKMARK [0][-]{chapter.2}{Materials and Methods}{}% 15
\BOOKMARK [1][-]{section.2.1}{Micro-structure Design and Fabrication}{chapter.2}% 16
\BOOKMARK [1][-]{section.2.2}{PDMS:Hexane Glue for Bonding}{chapter.2}% 17
\BOOKMARK [2][-]{subsection.2.2.1}{PDMS:Hexane Dilution Ratio Preparations}{section.2.2}% 18
\BOOKMARK [2][-]{subsection.2.2.2}{Mounting using the diluted glue}{section.2.2}% 19
\BOOKMARK [2][-]{subsection.2.2.3}{Testing of the bonding for leakage and clogged channels}{section.2.2}% 20
\BOOKMARK [2][-]{subsection.2.2.4}{Bonding Strength}{section.2.2}% 21
\BOOKMARK [1][-]{section.2.3}{Coating Procedures and Preparation of the Dishes}{chapter.2}% 22
\BOOKMARK [2][-]{subsection.2.3.1}{Preperation of Dishes}{section.2.3}% 23
\BOOKMARK [2][-]{subsection.2.3.2}{Coating Conditions}{section.2.3}% 24
\BOOKMARK [1][-]{section.2.4}{Microstructure Gluing and Mounting}{chapter.2}% 25
\BOOKMARK [1][-]{section.2.5}{Coatings Troubleshooting Experiment}{chapter.2}% 26
\BOOKMARK [1][-]{section.2.6}{Coating Uniformity after Desiccation}{chapter.2}% 27
\BOOKMARK [1][-]{section.2.7}{Primary Cell Culture}{chapter.2}% 28
\BOOKMARK [2][-]{subsection.2.7.1}{Retina Dissections}{section.2.7}% 29
\BOOKMARK [2][-]{subsection.2.7.2}{AggreWell\222 Preparation and Cell Dissociation}{section.2.7}% 30
\BOOKMARK [1][-]{section.2.8}{Stretchable Microelectrode Arrays}{chapter.2}% 31
\BOOKMARK [2][-]{subsection.2.8.1}{Fabrication}{section.2.8}% 32
\BOOKMARK [2][-]{subsection.2.8.2}{Microstructure Alignment and Mounting on \(MEA\) Electrodes}{section.2.8}% 33
\BOOKMARK [2][-]{subsection.2.8.3}{Mounting PDMS rings and coating of electrodes}{section.2.8}% 34
\BOOKMARK [1][-]{section.2.9}{Cell Seeding and Primary Neuronal Cell Culture}{chapter.2}% 35
\BOOKMARK [1][-]{section.2.10}{Image Acquisition}{chapter.2}% 36
\BOOKMARK [1][-]{section.2.11}{Image Analysis}{chapter.2}% 37
\BOOKMARK [1][-]{section.2.12}{Statistical Analysis}{chapter.2}% 38
\BOOKMARK [1][-]{section.2.13}{Re-using the microstructure-electrodes assembly}{chapter.2}% 39
\BOOKMARK [1][-]{section.2.14}{RGC Growth Medium Preparation}{chapter.2}% 40
\BOOKMARK [0][-]{chapter.3}{Results}{}% 41
\BOOKMARK [1][-]{section.3.1}{PDMS:Hexane Glue}{chapter.3}% 42
\BOOKMARK [2][-]{subsection.3.1.1}{PDMS:Hexane Glue Dilution Ratio Optimisation}{section.3.1}% 43
\BOOKMARK [2][-]{subsection.3.1.2}{Reproducibility of the 1:40 dilution}{section.3.1}% 44
\BOOKMARK [2][-]{subsection.3.1.3}{Bonding Strength of the 1:40 dilution}{section.3.1}% 45
\BOOKMARK [1][-]{section.3.2}{Coatings}{chapter.3}% 46
\BOOKMARK [1][-]{section.3.3}{Bundling Analysis of Formation of Nerve Fascicles}{chapter.3}% 47
\BOOKMARK [1][-]{section.3.4}{Uniformity of Coating After Desiccation}{chapter.3}% 48
\BOOKMARK [1][-]{section.3.5}{Electrode Alignments}{chapter.3}% 49
\BOOKMARK [1][-]{section.3.6}{Electrode Assembly}{chapter.3}% 50
\BOOKMARK [1][-]{section.3.7}{Axonal Growth on Electrodes}{chapter.3}% 51
\BOOKMARK [1][-]{section.3.8}{Re-using Microstructure-MEA Assemblies}{chapter.3}% 52
\BOOKMARK [0][-]{chapter.4}{Discussion}{}% 53
\BOOKMARK [1][-]{subsection.4.0.1}{Significance and Interpretation of Results}{chapter.4}% 54
\BOOKMARK [2][-]{subsection.4.0.2}{Limitations and Future Work}{subsection.4.0.1}% 55
\BOOKMARK [0][-]{chapter.5}{Conclusion and Outlook}{}% 56
